Classic Timing Analyzer report for Lab2
Thu Feb 11 13:28:34 2016
Quartus II Version 9.0 Build 184 04/29/2009 Service Pack 1 SJ Web Edition


---------------------
; Table of Contents ;
---------------------
  1. Legal Notice
  2. Timing Analyzer Summary
  3. Timing Analyzer Settings
  4. Parallel Compilation
  5. tpd
  6. Timing Analyzer Messages



----------------
; Legal Notice ;
----------------
Copyright (C) 1991-2009 Altera Corporation
Your use of Altera Corporation's design tools, logic functions 
and other software and tools, and its AMPP partner logic 
functions, and any output files from any of the foregoing 
(including device programming or simulation files), and any 
associated documentation or information are expressly subject 
to the terms and conditions of the Altera Program License 
Subscription Agreement, Altera MegaCore Function License 
Agreement, or other applicable license agreement, including, 
without limitation, that your use is for the sole purpose of 
programming logic devices manufactured by Altera and sold by 
Altera or its authorized distributors.  Please refer to the 
applicable agreement for further details.



+-----------------------------------------------------------------------------------------------------------------------------+
; Timing Analyzer Summary                                                                                                     ;
+------------------------------+-------+---------------+-------------+-------+---------+------------+----------+--------------+
; Type                         ; Slack ; Required Time ; Actual Time ; From  ; To      ; From Clock ; To Clock ; Failed Paths ;
+------------------------------+-------+---------------+-------------+-------+---------+------------+----------+--------------+
; Worst-case tpd               ; N/A   ; None          ; 9.992 ns    ; sw[9] ; hex6[2] ; --         ; --       ; 0            ;
; Total number of failed paths ;       ;               ;             ;       ;         ;            ;          ; 0            ;
+------------------------------+-------+---------------+-------------+-------+---------+------------+----------+--------------+


+--------------------------------------------------------------------------------------------------------------------+
; Timing Analyzer Settings                                                                                           ;
+---------------------------------------------------------------------+--------------------+------+----+-------------+
; Option                                                              ; Setting            ; From ; To ; Entity Name ;
+---------------------------------------------------------------------+--------------------+------+----+-------------+
; Device Name                                                         ; EP2C35F672C6       ;      ;    ;             ;
; Timing Models                                                       ; Final              ;      ;    ;             ;
; Default hold multicycle                                             ; Same as Multicycle ;      ;    ;             ;
; Cut paths between unrelated clock domains                           ; On                 ;      ;    ;             ;
; Cut off read during write signal paths                              ; On                 ;      ;    ;             ;
; Cut off feedback from I/O pins                                      ; On                 ;      ;    ;             ;
; Report Combined Fast/Slow Timing                                    ; Off                ;      ;    ;             ;
; Ignore Clock Settings                                               ; Off                ;      ;    ;             ;
; Analyze latches as synchronous elements                             ; On                 ;      ;    ;             ;
; Enable Recovery/Removal analysis                                    ; Off                ;      ;    ;             ;
; Enable Clock Latency                                                ; Off                ;      ;    ;             ;
; Use TimeQuest Timing Analyzer                                       ; Off                ;      ;    ;             ;
; Minimum Core Junction Temperature                                   ; 0                  ;      ;    ;             ;
; Maximum Core Junction Temperature                                   ; 85                 ;      ;    ;             ;
; Number of source nodes to report per destination node               ; 10                 ;      ;    ;             ;
; Number of destination nodes to report                               ; 10                 ;      ;    ;             ;
; Number of paths to report                                           ; 200                ;      ;    ;             ;
; Report Minimum Timing Checks                                        ; Off                ;      ;    ;             ;
; Use Fast Timing Models                                              ; Off                ;      ;    ;             ;
; Report IO Paths Separately                                          ; Off                ;      ;    ;             ;
; Perform Multicorner Analysis                                        ; On                 ;      ;    ;             ;
; Reports the worst-case path for each clock domain and analysis      ; Off                ;      ;    ;             ;
; Removes common clock path pessimism (CCPP) during slack computation ; Off                ;      ;    ;             ;
; Output I/O Timing Endpoint                                          ; Near End           ;      ;    ;             ;
+---------------------------------------------------------------------+--------------------+------+----+-------------+


Parallel compilation was disabled, but you have multiple processors available. Enable parallel compilation to reduce compilation time.
+-------------------------------------+
; Parallel Compilation                ;
+----------------------------+--------+
; Processors                 ; Number ;
+----------------------------+--------+
; Number detected on machine ; 4      ;
; Maximum allowed            ; 1      ;
+----------------------------+--------+


+-----------------------------------------------------------------+
; tpd                                                             ;
+-------+-------------------+-----------------+--------+----------+
; Slack ; Required P2P Time ; Actual P2P Time ; From   ; To       ;
+-------+-------------------+-----------------+--------+----------+
; N/A   ; None              ; 9.992 ns        ; sw[9]  ; hex6[2]  ;
; N/A   ; None              ; 9.794 ns        ; sw[9]  ; hex6[1]  ;
; N/A   ; None              ; 9.789 ns        ; sw[9]  ; hex6[4]  ;
; N/A   ; None              ; 9.787 ns        ; sw[9]  ; hex6[5]  ;
; N/A   ; None              ; 9.787 ns        ; sw[9]  ; hex6[3]  ;
; N/A   ; None              ; 9.784 ns        ; sw[9]  ; hex6[6]  ;
; N/A   ; None              ; 9.772 ns        ; sw[9]  ; hex6[0]  ;
; N/A   ; None              ; 9.741 ns        ; sw[11] ; hex6[2]  ;
; N/A   ; None              ; 9.570 ns        ; sw[11] ; hex6[1]  ;
; N/A   ; None              ; 9.563 ns        ; sw[11] ; hex6[0]  ;
; N/A   ; None              ; 9.561 ns        ; sw[11] ; hex6[3]  ;
; N/A   ; None              ; 9.556 ns        ; sw[11] ; hex6[4]  ;
; N/A   ; None              ; 9.553 ns        ; sw[11] ; hex6[6]  ;
; N/A   ; None              ; 9.547 ns        ; sw[11] ; hex6[5]  ;
; N/A   ; None              ; 9.516 ns        ; sw[15] ; hex7[0]  ;
; N/A   ; None              ; 9.503 ns        ; sw[8]  ; hex6[2]  ;
; N/A   ; None              ; 9.470 ns        ; sw[10] ; hex6[2]  ;
; N/A   ; None              ; 9.468 ns        ; sw[14] ; hex7[0]  ;
; N/A   ; None              ; 9.466 ns        ; sw[15] ; hex7[3]  ;
; N/A   ; None              ; 9.443 ns        ; sw[14] ; hex7[3]  ;
; N/A   ; None              ; 9.434 ns        ; sw[1]  ; hex4[5]  ;
; N/A   ; None              ; 9.397 ns        ; sw[15] ; hex7[4]  ;
; N/A   ; None              ; 9.373 ns        ; sw[4]  ; hex5[3]  ;
; N/A   ; None              ; 9.344 ns        ; sw[14] ; hex7[4]  ;
; N/A   ; None              ; 9.336 ns        ; sw[12] ; hex7[0]  ;
; N/A   ; None              ; 9.328 ns        ; sw[3]  ; hex4[5]  ;
; N/A   ; None              ; 9.319 ns        ; sw[4]  ; hex5[5]  ;
; N/A   ; None              ; 9.315 ns        ; sw[4]  ; hex5[2]  ;
; N/A   ; None              ; 9.312 ns        ; sw[8]  ; hex6[5]  ;
; N/A   ; None              ; 9.310 ns        ; sw[12] ; hex7[3]  ;
; N/A   ; None              ; 9.305 ns        ; sw[8]  ; hex6[1]  ;
; N/A   ; None              ; 9.302 ns        ; sw[7]  ; hex5[3]  ;
; N/A   ; None              ; 9.298 ns        ; sw[8]  ; hex6[0]  ;
; N/A   ; None              ; 9.297 ns        ; sw[8]  ; hex6[4]  ;
; N/A   ; None              ; 9.296 ns        ; sw[8]  ; hex6[3]  ;
; N/A   ; None              ; 9.289 ns        ; sw[8]  ; hex6[6]  ;
; N/A   ; None              ; 9.283 ns        ; sw[1]  ; hex4[0]  ;
; N/A   ; None              ; 9.279 ns        ; sw[10] ; hex6[5]  ;
; N/A   ; None              ; 9.273 ns        ; sw[10] ; hex6[1]  ;
; N/A   ; None              ; 9.265 ns        ; sw[10] ; hex6[0]  ;
; N/A   ; None              ; 9.264 ns        ; sw[5]  ; hex5[3]  ;
; N/A   ; None              ; 9.264 ns        ; sw[7]  ; hex5[2]  ;
; N/A   ; None              ; 9.263 ns        ; sw[10] ; hex6[4]  ;
; N/A   ; None              ; 9.263 ns        ; sw[10] ; hex6[3]  ;
; N/A   ; None              ; 9.259 ns        ; sw[2]  ; hex4[5]  ;
; N/A   ; None              ; 9.259 ns        ; sw[10] ; hex6[6]  ;
; N/A   ; None              ; 9.245 ns        ; sw[7]  ; hex5[5]  ;
; N/A   ; None              ; 9.236 ns        ; sw[15] ; hex7[6]  ;
; N/A   ; None              ; 9.236 ns        ; sw[15] ; hex7[2]  ;
; N/A   ; None              ; 9.231 ns        ; sw[15] ; hex7[5]  ;
; N/A   ; None              ; 9.221 ns        ; sw[6]  ; hex5[3]  ;
; N/A   ; None              ; 9.221 ns        ; sw[1]  ; hex4[3]  ;
; N/A   ; None              ; 9.217 ns        ; sw[5]  ; hex5[2]  ;
; N/A   ; None              ; 9.212 ns        ; sw[5]  ; hex5[5]  ;
; N/A   ; None              ; 9.211 ns        ; sw[15] ; hex7[1]  ;
; N/A   ; None              ; 9.209 ns        ; sw[1]  ; hex4[2]  ;
; N/A   ; None              ; 9.208 ns        ; sw[3]  ; hex4[0]  ;
; N/A   ; None              ; 9.199 ns        ; sw[12] ; hex7[4]  ;
; N/A   ; None              ; 9.190 ns        ; sw[4]  ; hex5[4]  ;
; N/A   ; None              ; 9.190 ns        ; sw[14] ; hex7[2]  ;
; N/A   ; None              ; 9.187 ns        ; sw[14] ; hex7[6]  ;
; N/A   ; None              ; 9.183 ns        ; sw[4]  ; hex5[1]  ;
; N/A   ; None              ; 9.183 ns        ; sw[14] ; hex7[5]  ;
; N/A   ; None              ; 9.175 ns        ; sw[6]  ; hex5[2]  ;
; N/A   ; None              ; 9.169 ns        ; sw[1]  ; hex4[1]  ;
; N/A   ; None              ; 9.167 ns        ; sw[1]  ; hex4[6]  ;
; N/A   ; None              ; 9.166 ns        ; sw[14] ; hex7[1]  ;
; N/A   ; None              ; 9.153 ns        ; sw[2]  ; hex4[0]  ;
; N/A   ; None              ; 9.151 ns        ; sw[1]  ; hex4[4]  ;
; N/A   ; None              ; 9.148 ns        ; sw[3]  ; hex4[3]  ;
; N/A   ; None              ; 9.146 ns        ; sw[0]  ; hex4[5]  ;
; N/A   ; None              ; 9.142 ns        ; sw[6]  ; hex5[5]  ;
; N/A   ; None              ; 9.140 ns        ; sw[7]  ; hex5[4]  ;
; N/A   ; None              ; 9.133 ns        ; sw[7]  ; hex5[1]  ;
; N/A   ; None              ; 9.133 ns        ; sw[3]  ; hex4[2]  ;
; N/A   ; None              ; 9.092 ns        ; sw[3]  ; hex4[1]  ;
; N/A   ; None              ; 9.091 ns        ; sw[3]  ; hex4[6]  ;
; N/A   ; None              ; 9.086 ns        ; sw[5]  ; hex5[1]  ;
; N/A   ; None              ; 9.069 ns        ; sw[4]  ; hex5[0]  ;
; N/A   ; None              ; 9.066 ns        ; sw[3]  ; hex4[4]  ;
; N/A   ; None              ; 9.062 ns        ; sw[4]  ; hex5[6]  ;
; N/A   ; None              ; 9.062 ns        ; sw[5]  ; hex5[4]  ;
; N/A   ; None              ; 9.050 ns        ; sw[6]  ; hex5[4]  ;
; N/A   ; None              ; 9.050 ns        ; sw[2]  ; hex4[3]  ;
; N/A   ; None              ; 9.044 ns        ; sw[12] ; hex7[6]  ;
; N/A   ; None              ; 9.043 ns        ; sw[6]  ; hex5[1]  ;
; N/A   ; None              ; 9.041 ns        ; sw[2]  ; hex4[2]  ;
; N/A   ; None              ; 9.041 ns        ; sw[12] ; hex7[2]  ;
; N/A   ; None              ; 9.035 ns        ; sw[12] ; hex7[5]  ;
; N/A   ; None              ; 9.034 ns        ; sw[0]  ; hex4[0]  ;
; N/A   ; None              ; 9.031 ns        ; sw[12] ; hex7[1]  ;
; N/A   ; None              ; 9.006 ns        ; sw[2]  ; hex4[1]  ;
; N/A   ; None              ; 9.003 ns        ; sw[2]  ; hex4[6]  ;
; N/A   ; None              ; 8.998 ns        ; sw[2]  ; hex4[4]  ;
; N/A   ; None              ; 8.994 ns        ; sw[7]  ; hex5[0]  ;
; N/A   ; None              ; 8.993 ns        ; sw[7]  ; hex5[6]  ;
; N/A   ; None              ; 8.958 ns        ; sw[5]  ; hex5[6]  ;
; N/A   ; None              ; 8.943 ns        ; sw[13] ; hex7[0]  ;
; N/A   ; None              ; 8.936 ns        ; sw[0]  ; hex4[3]  ;
; N/A   ; None              ; 8.935 ns        ; sw[5]  ; hex5[0]  ;
; N/A   ; None              ; 8.922 ns        ; sw[0]  ; hex4[2]  ;
; N/A   ; None              ; 8.918 ns        ; sw[13] ; hex7[3]  ;
; N/A   ; None              ; 8.917 ns        ; sw[6]  ; hex5[0]  ;
; N/A   ; None              ; 8.911 ns        ; sw[6]  ; hex5[6]  ;
; N/A   ; None              ; 8.890 ns        ; sw[0]  ; hex4[4]  ;
; N/A   ; None              ; 8.887 ns        ; sw[0]  ; hex4[1]  ;
; N/A   ; None              ; 8.884 ns        ; sw[0]  ; hex4[6]  ;
; N/A   ; None              ; 8.802 ns        ; sw[13] ; hex7[4]  ;
; N/A   ; None              ; 8.650 ns        ; sw[13] ; hex7[6]  ;
; N/A   ; None              ; 8.647 ns        ; sw[13] ; hex7[2]  ;
; N/A   ; None              ; 8.640 ns        ; sw[13] ; hex7[5]  ;
; N/A   ; None              ; 8.639 ns        ; sw[13] ; hex7[1]  ;
; N/A   ; None              ; 6.122 ns        ; sw[16] ; ledr[6]  ;
; N/A   ; None              ; 6.003 ns        ; sw[16] ; hex0[3]  ;
; N/A   ; None              ; 5.958 ns        ; sw[16] ; ledr[0]  ;
; N/A   ; None              ; 5.957 ns        ; sw[16] ; hex2[5]  ;
; N/A   ; None              ; 5.957 ns        ; sw[16] ; hex2[0]  ;
; N/A   ; None              ; 5.947 ns        ; sw[16] ; hex1[6]  ;
; N/A   ; None              ; 5.947 ns        ; sw[16] ; ledr[3]  ;
; N/A   ; None              ; 5.933 ns        ; sw[16] ; hex0[6]  ;
; N/A   ; None              ; 5.933 ns        ; sw[16] ; hex0[2]  ;
; N/A   ; None              ; 5.927 ns        ; sw[16] ; hex2[4]  ;
; N/A   ; None              ; 5.917 ns        ; sw[16] ; ledr[4]  ;
; N/A   ; None              ; 5.902 ns        ; sw[16] ; hex2[6]  ;
; N/A   ; None              ; 5.512 ns        ; sw[17] ; hex0[3]  ;
; N/A   ; None              ; 5.467 ns        ; sw[17] ; ledr[0]  ;
; N/A   ; None              ; 5.085 ns        ; sw[16] ; hex0[1]  ;
; N/A   ; None              ; 5.085 ns        ; sw[16] ; ledr[2]  ;
; N/A   ; None              ; 5.065 ns        ; sw[16] ; hex1[3]  ;
; N/A   ; None              ; 5.045 ns        ; sw[16] ; hex1[2]  ;
; N/A   ; None              ; 4.884 ns        ; sw[16] ; hex1[1]  ;
; N/A   ; None              ; 4.884 ns        ; sw[16] ; ledr[8]  ;
; N/A   ; None              ; 4.874 ns        ; sw[16] ; ledr[5]  ;
; N/A   ; None              ; 4.849 ns        ; sw[16] ; ledr[16] ;
; N/A   ; None              ; 4.849 ns        ; sw[16] ; ledr[7]  ;
; N/A   ; None              ; 4.829 ns        ; sw[16] ; ledr[1]  ;
; N/A   ; None              ; 4.761 ns        ; sw[17] ; ledr[17] ;
+-------+-------------------+-----------------+--------+----------+


+--------------------------+
; Timing Analyzer Messages ;
+--------------------------+
Info: *******************************************************************
Info: Running Quartus II Classic Timing Analyzer
    Info: Version 9.0 Build 184 04/29/2009 Service Pack 1 SJ Web Edition
    Info: Processing started: Thu Feb 11 13:28:34 2016
Info: Command: quartus_tan --read_settings_files=off --write_settings_files=off Lab2 -c Lab2 --timing_analysis_only
Info: Longest tpd from source pin "sw[9]" to destination pin "hex6[2]" is 9.992 ns
    Info: 1: + IC(0.000 ns) + CELL(0.870 ns) = 0.870 ns; Loc. = PIN_B4; Fanout = 7; PIN Node = 'sw[9]'
    Info: 2: + IC(5.098 ns) + CELL(0.438 ns) = 6.406 ns; Loc. = LCCOMB_X4_Y35_N28; Fanout = 1; COMB Node = 'SevenSegment:Operand2_LSD_display|Mux4~0'
    Info: 3: + IC(0.778 ns) + CELL(2.808 ns) = 9.992 ns; Loc. = PIN_C5; Fanout = 0; PIN Node = 'hex6[2]'
    Info: Total cell delay = 4.116 ns ( 41.19 % )
    Info: Total interconnect delay = 5.876 ns ( 58.81 % )
Info: Quartus II Classic Timing Analyzer was successful. 0 errors, 0 warnings
    Info: Peak virtual memory: 187 megabytes
    Info: Processing ended: Thu Feb 11 13:28:35 2016
    Info: Elapsed time: 00:00:01
    Info: Total CPU time (on all processors): 00:00:01


